[0.027s] Invoking command in '/home/optimus/dev_test/build/my_package': CMAKE_PREFIX_PATH=/opt/ros/humble CONDA_PROMPT_MODIFIER=(ROS2-humble-v1) /usr/bin/cmake /home/optimus/dev_test/src/my_package -DAMENT_CMAKE_SYMLINK_INSTALL=1 -DCMAKE_INSTALL_PREFIX=/home/optimus/dev_test/install/my_package
[0.385s] -- The C compiler identification is GNU 11.4.0
[0.590s] -- The CXX compiler identification is GNU 11.4.0
[0.603s] -- Detecting C compiler ABI info
[0.732s] -- Detecting C compiler ABI info - done
[0.739s] -- Check for working C compiler: /usr/bin/cc - skipped
[0.741s] -- Detecting C compile features
[0.743s] -- Detecting C compile features - done
[0.751s] -- Detecting CXX compiler ABI info
[0.863s] -- Detecting CXX compiler ABI info - done
[0.870s] -- Check for working CXX compiler: /usr/bin/c++ - skipped
[0.871s] -- Detecting CXX compile features
[0.871s] -- Detecting CXX compile features - done
[0.876s] -- Found ament_cmake: 1.3.5 (/opt/ros/humble/share/ament_cmake/cmake)
[1.416s] -- Found Python3: /home/optimus/anaconda3/envs/ROS2-humble-v1/bin/python3.10 (found version "3.10.12") found components: Interpreter 
[1.609s] -- Override CMake install command with custom implementation using symlinks instead of copying resources
[1.686s] -- Found ament_lint_auto: 0.12.7 (/opt/ros/humble/share/ament_lint_auto/cmake)
[1.740s] Traceback (most recent call last):
[1.740s]   File "/opt/ros/humble/share/ament_cmake_core/cmake/core/package_xml_2_cmake.py", line 22, in <module>
[1.740s]     from catkin_pkg.package import parse_package_string
[1.741s] ModuleNotFoundError: No module named 'catkin_pkg'
[1.741s] [31mCMake Error at /opt/ros/humble/share/ament_cmake_core/cmake/core/ament_package_xml.cmake:95 (message):
[1.741s]   execute_process(/home/optimus/anaconda3/envs/ROS2-humble-v1/bin/python3.10
[1.741s]   /opt/ros/humble/share/ament_cmake_core/cmake/core/package_xml_2_cmake.py
[1.741s]   /home/optimus/dev_test/src/my_package/package.xml
[1.741s]   /home/optimus/dev_test/build/my_package/ament_cmake_core/package.cmake)
[1.741s]   returned error code 1
[1.741s] Call Stack (most recent call first):
[1.741s]   /opt/ros/humble/share/ament_cmake_core/cmake/core/ament_package_xml.cmake:49 (_ament_package_xml)
[1.741s]   /opt/ros/humble/share/ament_lint_auto/cmake/ament_lint_auto_find_test_dependencies.cmake:31 (ament_package_xml)
[1.742s]   CMakeLists.txt:23 (ament_lint_auto_find_test_dependencies)
[1.742s] 
[1.742s] [0m
[1.742s] -- Configuring incomplete, errors occurred!
[1.743s] See also "/home/optimus/dev_test/build/my_package/CMakeFiles/CMakeOutput.log".
[1.748s] Invoked command in '/home/optimus/dev_test/build/my_package' returned '1': CMAKE_PREFIX_PATH=/opt/ros/humble CONDA_PROMPT_MODIFIER=(ROS2-humble-v1) /usr/bin/cmake /home/optimus/dev_test/src/my_package -DAMENT_CMAKE_SYMLINK_INSTALL=1 -DCMAKE_INSTALL_PREFIX=/home/optimus/dev_test/install/my_package
